<?xml version="1.0" encoding="UTF-8"?>
<testng-results skipped="0" failed="0" ignored="0" total="1" passed="1">
  <reporter-output>
  </reporter-output>
  <suite name="Suite" duration-ms="618" started-at="2020-01-30T00:59:42 IST" finished-at="2020-01-30T00:59:42 IST">
    <groups>
    </groups>
    <test name="Test" duration-ms="618" started-at="2020-01-30T00:59:42 IST" finished-at="2020-01-30T00:59:42 IST">
      <class name="Tests.connectionTest2">
        <test-method status="PASS" signature="ConnectiontoMsql()[pri:0, instance:Tests.connectionTest2@47ef968d]" name="ConnectiontoMsql" duration-ms="560" started-at="2020-01-30T00:59:42 IST" finished-at="2020-01-30T00:59:42 IST">
          <reporter-output>
          </reporter-output>
        </test-method> <!-- ConnectiontoMsql -->
      </class> <!-- Tests.connectionTest2 -->
    </test> <!-- Test -->
  </suite> <!-- Suite -->
</testng-results>
